<?xml version="1.0" encoding="UTF-8"?>
<!-- Generated by org.testng.reporters.JUnitReportReporter -->
<testsuite hostname="HDEV036" name="basicprograms.ConditionalCommands" tests="1" failures="0" timestamp="23 Sep 2022 12:40:17 GMT" time="20.791" errors="0">
  <testcase name="statusofElements" time="20.791" classname="basicprograms.ConditionalCommands"/>
</testsuite> <!-- basicprograms.ConditionalCommands -->
