<?xml version="1.0" encoding="UTF-8"?>
<!-- Generated by org.testng.reporters.JUnitReportReporter -->
<testsuite hostname="HDEV036" name="basicprograms.FindElementFindElements" tests="1" failures="0" timestamp="25 Sep 2022 06:16:45 GMT" time="13.975" errors="0">
  <testcase name="fidElementsvsFineElements" time="13.975" classname="basicprograms.FindElementFindElements"/>
</testsuite> <!-- basicprograms.FindElementFindElements -->
