<?xml version="1.0" encoding="UTF-8"?>
<!-- Generated by org.testng.reporters.JUnitReportReporter -->
<testsuite hostname="HDEV036" name="BrowserLaunch" tests="1" failures="0" timestamp="22 Sep 2022 07:40:56 GMT" time="82.117" errors="0">
  <testcase name="browserLaunch" time="82.117" classname="BrowserLaunch"/>
</testsuite> <!-- BrowserLaunch -->
